!SESSION 2016-06-27 09:22:45.208 -----------------------------------------------
eclipse.buildId=4.5.2.M20160212-1500
java.version=1.8.0_74
java.vendor=Oracle Corporation
BootLoader constants: OS=win32, ARCH=x86_64, WS=win32, NL=en_AU
Framework arguments:  -product org.eclipse.epp.package.java.product C:\Users\alist\OneDrive\Development\misc java\espDevice.java
Command-line arguments:  -os win32 -ws win32 -arch x86_64 -product org.eclipse.epp.package.java.product C:\Users\alist\OneDrive\Development\misc java\espDevice.java

!ENTRY org.eclipse.egit.ui 2 0 2016-06-27 09:27:17.585
!MESSAGE Warning: The environment variable HOME is not set. The following directory will be used to store the Git
user global configuration and to define the default location to store repositories: 'C:\Users\alist'. If this is
not correct please set the HOME environment variable and restart Eclipse. Otherwise Git for Windows and
EGit might behave differently since they see different configuration options.
This warning can be switched off on the Team > Git > Confirmations and Warnings preference page.
!SESSION 2016-06-27 09:29:53.038 -----------------------------------------------
eclipse.buildId=4.5.2.M20160212-1500
java.version=1.8.0_74
java.vendor=Oracle Corporation
BootLoader constants: OS=win32, ARCH=x86_64, WS=win32, NL=en_AU
Framework arguments:  -product org.eclipse.epp.package.java.product C:\Users\alist\OneDrive\Development\WiFi-WS2812\Code\Java Desktop\echoClient.java
Command-line arguments:  -os win32 -ws win32 -arch x86_64 -product org.eclipse.epp.package.java.product C:\Users\alist\OneDrive\Development\WiFi-WS2812\Code\Java Desktop\echoClient.java

!ENTRY org.eclipse.egit.ui 2 0 2016-06-27 09:30:13.871
!MESSAGE Warning: The environment variable HOME is not set. The following directory will be used to store the Git
user global configuration and to define the default location to store repositories: 'C:\Users\alist'. If this is
not correct please set the HOME environment variable and restart Eclipse. Otherwise Git for Windows and
EGit might behave differently since they see different configuration options.
This warning can be switched off on the Team > Git > Confirmations and Warnings preference page.

!ENTRY org.eclipse.recommenders.rcp 4 18 2016-06-27 16:58:39.038
!MESSAGE Failed to resolve selection in ‘=WiFi-Home-Java/<{networkScannerWorker.java’ at offset 19.
!STACK 0
org.eclipse.recommenders.utils.Logs$LogTraceException
	at org.eclipse.recommenders.utils.Logs$LogTraceException.newTrace(Logs.java:381)
	at org.eclipse.recommenders.utils.Logs.log(Logs.java:134)
	at org.eclipse.recommenders.internal.rcp.JavaElementSelections.resolveJavaElementFromTypeRootInEditor(JavaElementSelections.java:164)
	at org.eclipse.recommenders.internal.rcp.JavaElementSelections.resolveJavaElementFromEditor(JavaElementSelections.java:119)
	at org.eclipse.recommenders.internal.rcp.JavaElementSelections.resolveJavaElementFromEditor(JavaElementSelections.java:102)
	at org.eclipse.recommenders.internal.rcp.JavaElementSelectionService.handleSelectionInEditor(JavaElementSelectionService.java:108)
	at org.eclipse.recommenders.internal.rcp.JavaElementSelectionService.access$1(JavaElementSelectionService.java:105)
	at org.eclipse.recommenders.internal.rcp.JavaElementSelectionService$1.run(JavaElementSelectionService.java:82)
	at java.util.concurrent.Executors$RunnableAdapter.call(Unknown Source)
	at java.util.concurrent.FutureTask.run(Unknown Source)
	at java.util.concurrent.ScheduledThreadPoolExecutor$ScheduledFutureTask.access$201(Unknown Source)
	at java.util.concurrent.ScheduledThreadPoolExecutor$ScheduledFutureTask.run(Unknown Source)
	at java.util.concurrent.ThreadPoolExecutor.runWorker(Unknown Source)
	at java.util.concurrent.ThreadPoolExecutor$Worker.run(Unknown Source)
	at java.lang.Thread.run(Unknown Source)
!SESSION 2016-06-28 11:53:42.429 -----------------------------------------------
eclipse.buildId=4.5.2.M20160212-1500
java.version=1.8.0_74
java.vendor=Oracle Corporation
BootLoader constants: OS=win32, ARCH=x86_64, WS=win32, NL=en_AU
Framework arguments:  -product org.eclipse.epp.package.java.product C:\Users\alist\OneDrive\Development\WiFi-WS2812\Code\Java Desktop\WiFi-Home-Java\espDevice.java
Command-line arguments:  -os win32 -ws win32 -arch x86_64 -product org.eclipse.epp.package.java.product C:\Users\alist\OneDrive\Development\WiFi-WS2812\Code\Java Desktop\WiFi-Home-Java\espDevice.java

!ENTRY org.eclipse.egit.ui 2 0 2016-06-28 11:55:10.052
!MESSAGE Warning: The environment variable HOME is not set. The following directory will be used to store the Git
user global configuration and to define the default location to store repositories: 'C:\Users\alist'. If this is
not correct please set the HOME environment variable and restart Eclipse. Otherwise Git for Windows and
EGit might behave differently since they see different configuration options.
This warning can be switched off on the Team > Git > Confirmations and Warnings preference page.
!SESSION 2016-06-28 12:06:38.622 -----------------------------------------------
eclipse.buildId=4.5.2.M20160212-1500
java.version=1.8.0_74
java.vendor=Oracle Corporation
BootLoader constants: OS=win32, ARCH=x86_64, WS=win32, NL=en_AU
Framework arguments:  -product org.eclipse.epp.package.java.product
Command-line arguments:  -os win32 -ws win32 -arch x86_64 -product org.eclipse.epp.package.java.product

!ENTRY org.eclipse.egit.ui 2 0 2016-06-28 12:07:29.148
!MESSAGE Warning: The environment variable HOME is not set. The following directory will be used to store the Git
user global configuration and to define the default location to store repositories: 'C:\Users\alist'. If this is
not correct please set the HOME environment variable and restart Eclipse. Otherwise Git for Windows and
EGit might behave differently since they see different configuration options.
This warning can be switched off on the Team > Git > Confirmations and Warnings preference page.
!SESSION 2016-06-28 13:05:09.654 -----------------------------------------------
eclipse.buildId=4.5.2.M20160212-1500
java.version=1.8.0_74
java.vendor=Oracle Corporation
BootLoader constants: OS=win32, ARCH=x86_64, WS=win32, NL=en_AU
Framework arguments:  -product org.eclipse.epp.package.java.product
Command-line arguments:  -os win32 -ws win32 -arch x86_64 -product org.eclipse.epp.package.java.product

!ENTRY org.eclipse.egit.ui 2 0 2016-06-28 13:06:56.223
!MESSAGE Warning: The environment variable HOME is not set. The following directory will be used to store the Git
user global configuration and to define the default location to store repositories: 'C:\Users\alist'. If this is
not correct please set the HOME environment variable and restart Eclipse. Otherwise Git for Windows and
EGit might behave differently since they see different configuration options.
This warning can be switched off on the Team > Git > Confirmations and Warnings preference page.
!SESSION 2016-06-28 13:07:29.302 -----------------------------------------------
eclipse.buildId=4.5.2.M20160212-1500
java.version=1.8.0_74
java.vendor=Oracle Corporation
BootLoader constants: OS=win32, ARCH=x86_64, WS=win32, NL=en_AU
Framework arguments:  -product org.eclipse.epp.package.java.product C:\Users\alist\OneDrive\Development\WiFi-WS2812\Code\Java Desktop\WiFi-Home-Java\HomeConnect.java
Command-line arguments:  -os win32 -ws win32 -arch x86_64 -product org.eclipse.epp.package.java.product C:\Users\alist\OneDrive\Development\WiFi-WS2812\Code\Java Desktop\WiFi-Home-Java\HomeConnect.java

!ENTRY org.eclipse.egit.ui 2 0 2016-06-28 13:08:38.706
!MESSAGE Warning: The environment variable HOME is not set. The following directory will be used to store the Git
user global configuration and to define the default location to store repositories: 'C:\Users\alist'. If this is
not correct please set the HOME environment variable and restart Eclipse. Otherwise Git for Windows and
EGit might behave differently since they see different configuration options.
This warning can be switched off on the Team > Git > Confirmations and Warnings preference page.

!ENTRY org.eclipse.egit.ui 4 0 2016-06-28 13:49:55.201
!MESSAGE Failed to refresh projects from index changes
!STACK 1
org.eclipse.core.internal.resources.ResourceException: Errors occurred while refreshing resources with the local file system.
	at org.eclipse.core.internal.localstore.FileSystemResourceManager.refreshResource(FileSystemResourceManager.java:960)
	at org.eclipse.core.internal.localstore.FileSystemResourceManager.refresh(FileSystemResourceManager.java:941)
	at org.eclipse.core.internal.resources.Resource.refreshLocal(Resource.java:1593)
	at org.eclipse.egit.ui.Activator$ResourceRefreshJob$1.run(Activator.java:446)
	at org.eclipse.core.internal.resources.Workspace.run(Workspace.java:2241)
	at org.eclipse.egit.ui.Activator$ResourceRefreshJob.run(Activator.java:431)
	at org.eclipse.core.internal.jobs.Worker.run(Worker.java:55)
Contains: The project description file (.project) for 'blah' is missing.  This file contains important information about the project.  The project will not function properly until this file is restored.
!SUBENTRY 1 org.eclipse.core.resources 4 271 2016-06-28 13:49:55.203
!MESSAGE Errors occurred while refreshing resources with the local file system.
!SUBENTRY 2 org.eclipse.core.resources 4 567 2016-06-28 13:49:55.203
!MESSAGE The project description file (.project) for 'blah' is missing.  This file contains important information about the project.  The project will not function properly until this file is restored.

!ENTRY org.eclipse.core.resources 2 2 2016-06-28 13:51:30.561
!MESSAGE Save operation warnings.
!SUBENTRY 1 org.eclipse.core.resources 2 234 2016-06-28 13:51:30.561
!MESSAGE The project description file (.project) for 'blah' was missing.  This file contains important information about the project.  A new project description file has been created, but some information about the project may have been lost.

!ENTRY org.eclipse.ui 4 0 2016-06-28 14:04:51.772
!MESSAGE Unhandled event loop exception
!STACK 0
java.lang.IllegalArgumentException: Argument not valid
	at org.eclipse.swt.SWT.error(SWT.java:4472)
	at org.eclipse.swt.SWT.error(SWT.java:4406)
	at org.eclipse.swt.SWT.error(SWT.java:4377)
	at org.eclipse.swt.widgets.Widget.error(Widget.java:482)
	at org.eclipse.swt.widgets.Widget.checkParent(Widget.java:292)
	at org.eclipse.swt.widgets.Widget.<init>(Widget.java:158)
	at org.eclipse.swt.widgets.Control.<init>(Control.java:109)
	at org.eclipse.swt.widgets.Label.<init>(Label.java:101)
	at org.eclipse.wb.internal.core.model.property.table.HtmlTooltipHelper.createTooltipControl_Label(HtmlTooltipHelper.java:284)
	at org.eclipse.wb.internal.core.model.property.table.HtmlTooltipHelper.createTooltipControl(HtmlTooltipHelper.java:70)
	at org.eclipse.wb.internal.core.model.property.table.HtmlTooltipHelper.createTooltipControl(HtmlTooltipHelper.java:53)
	at org.eclipse.wb.core.controls.palette.HtmlPaletteTooltipProvider.createTooltipControl(HtmlPaletteTooltipProvider.java:50)
	at org.eclipse.wb.internal.draw2d.CustomTooltipManager.handleShowCustomTooltip(CustomTooltipManager.java:148)
	at org.eclipse.wb.internal.draw2d.CustomTooltipManager$2.mouseHover(CustomTooltipManager.java:56)
	at org.eclipse.swt.widgets.TypedListener.handleEvent(TypedListener.java:208)
	at org.eclipse.swt.widgets.EventTable.sendEvent(EventTable.java:84)
	at org.eclipse.swt.widgets.Display.sendEvent(Display.java:4362)
	at org.eclipse.swt.widgets.Widget.sendEvent(Widget.java:1113)
	at org.eclipse.swt.widgets.Display.runDeferredEvents(Display.java:4180)
	at org.eclipse.swt.widgets.Display.readAndDispatch(Display.java:3769)
	at org.eclipse.e4.ui.internal.workbench.swt.PartRenderingEngine$4.run(PartRenderingEngine.java:1127)
	at org.eclipse.core.databinding.observable.Realm.runWithDefault(Realm.java:337)
	at org.eclipse.e4.ui.internal.workbench.swt.PartRenderingEngine.run(PartRenderingEngine.java:1018)
	at org.eclipse.e4.ui.internal.workbench.E4Workbench.createAndRunUI(E4Workbench.java:156)
	at org.eclipse.ui.internal.Workbench$5.run(Workbench.java:694)
	at org.eclipse.core.databinding.observable.Realm.runWithDefault(Realm.java:337)
	at org.eclipse.ui.internal.Workbench.createAndRunWorkbench(Workbench.java:606)
	at org.eclipse.ui.PlatformUI.createAndRunWorkbench(PlatformUI.java:150)
	at org.eclipse.ui.internal.ide.application.IDEApplication.start(IDEApplication.java:139)
	at org.eclipse.equinox.internal.app.EclipseAppHandle.run(EclipseAppHandle.java:196)
	at org.eclipse.core.runtime.internal.adaptor.EclipseAppLauncher.runApplication(EclipseAppLauncher.java:134)
	at org.eclipse.core.runtime.internal.adaptor.EclipseAppLauncher.start(EclipseAppLauncher.java:104)
	at org.eclipse.core.runtime.adaptor.EclipseStarter.run(EclipseStarter.java:380)
	at org.eclipse.core.runtime.adaptor.EclipseStarter.run(EclipseStarter.java:235)
	at sun.reflect.NativeMethodAccessorImpl.invoke0(Native Method)
	at sun.reflect.NativeMethodAccessorImpl.invoke(Unknown Source)
	at sun.reflect.DelegatingMethodAccessorImpl.invoke(Unknown Source)
	at java.lang.reflect.Method.invoke(Unknown Source)
	at org.eclipse.equinox.launcher.Main.invokeFramework(Main.java:669)
	at org.eclipse.equinox.launcher.Main.basicRun(Main.java:608)
	at org.eclipse.equinox.launcher.Main.run(Main.java:1515)
!SESSION 2016-06-28 14:14:36.920 -----------------------------------------------
eclipse.buildId=4.5.2.M20160212-1500
java.version=1.8.0_74
java.vendor=Oracle Corporation
BootLoader constants: OS=win32, ARCH=x86_64, WS=win32, NL=en_AU
Framework arguments:  -product org.eclipse.epp.package.java.product C:\Users\alist\OneDrive\Development\WiFi-WS2812\Code\Java Desktop\WiFi-Home-Java\com\HomeConnect\gui\HomeConnect.java
Command-line arguments:  -os win32 -ws win32 -arch x86_64 -product org.eclipse.epp.package.java.product C:\Users\alist\OneDrive\Development\WiFi-WS2812\Code\Java Desktop\WiFi-Home-Java\com\HomeConnect\gui\HomeConnect.java

!ENTRY org.eclipse.egit.ui 2 0 2016-06-28 14:15:00.395
!MESSAGE Warning: The environment variable HOME is not set. The following directory will be used to store the Git
user global configuration and to define the default location to store repositories: 'C:\Users\alist'. If this is
not correct please set the HOME environment variable and restart Eclipse. Otherwise Git for Windows and
EGit might behave differently since they see different configuration options.
This warning can be switched off on the Team > Git > Confirmations and Warnings preference page.

!ENTRY org.eclipse.e4.ui.workbench 4 0 2016-06-28 14:27:05.890
!MESSAGE Error setting focus to : org.eclipse.e4.ui.model.application.ui.basic.impl.PartImpl espDevice.java
!STACK 0
org.eclipse.swt.SWTException: Widget is disposed
	at org.eclipse.swt.SWT.error(SWT.java:4491)
	at org.eclipse.swt.SWT.error(SWT.java:4406)
	at org.eclipse.swt.SWT.error(SWT.java:4377)
	at org.eclipse.swt.widgets.Widget.error(Widget.java:482)
	at org.eclipse.swt.widgets.Widget.checkWidget(Widget.java:354)
	at org.eclipse.swt.widgets.Control.setFocus(Control.java:3354)
	at org.eclipse.swt.widgets.Composite.setFocus(Composite.java:1056)
	at org.eclipse.swt.widgets.Composite.setFocus(Composite.java:1056)
	at org.eclipse.ui.texteditor.StatusTextEditor.setFocus(StatusTextEditor.java:120)
	at org.eclipse.jdt.internal.ui.javaeditor.JavaEditor.setFocus(JavaEditor.java:2395)
	at org.eclipse.ui.internal.e4.compatibility.CompatibilityPart.delegateSetFocus(CompatibilityPart.java:204)
	at sun.reflect.NativeMethodAccessorImpl.invoke0(Native Method)
	at sun.reflect.NativeMethodAccessorImpl.invoke(Unknown Source)
	at sun.reflect.DelegatingMethodAccessorImpl.invoke(Unknown Source)
	at java.lang.reflect.Method.invoke(Unknown Source)
	at org.eclipse.e4.core.internal.di.MethodRequestor.execute(MethodRequestor.java:56)
	at org.eclipse.e4.core.internal.di.InjectorImpl.invokeUsingClass(InjectorImpl.java:252)
	at org.eclipse.e4.core.internal.di.InjectorImpl.invokeUsingClass(InjectorImpl.java:258)
	at org.eclipse.e4.core.internal.di.InjectorImpl.invoke(InjectorImpl.java:229)
	at org.eclipse.e4.core.contexts.ContextInjectionFactory.invoke(ContextInjectionFactory.java:107)
	at org.eclipse.e4.ui.internal.workbench.swt.PartRenderingEngine.focusGui(PartRenderingEngine.java:775)
	at org.eclipse.e4.ui.workbench.renderers.swt.ContributedPartRenderer$2.setFocus(ContributedPartRenderer.java:102)
	at org.eclipse.swt.custom.CTabItem.setFocus(CTabItem.java:332)
	at org.eclipse.swt.custom.CTabFolder.setFocus(CTabFolder.java:2602)
	at org.eclipse.swt.widgets.Control.fixFocus(Control.java:1053)
	at org.eclipse.swt.widgets.Control.setVisible(Control.java:3859)
	at org.eclipse.swt.custom.CTabFolder.setSelection(CTabFolder.java:3146)
	at org.eclipse.swt.custom.CTabFolder.setSelection(CTabFolder.java:3154)
	at org.eclipse.swt.custom.CTabFolder.onMouse(CTabFolder.java:1841)
	at org.eclipse.swt.custom.CTabFolder$1.handleEvent(CTabFolder.java:330)
	at org.eclipse.swt.widgets.EventTable.sendEvent(EventTable.java:84)
	at org.eclipse.swt.widgets.Display.sendEvent(Display.java:4362)
	at org.eclipse.swt.widgets.Widget.sendEvent(Widget.java:1113)
	at org.eclipse.swt.widgets.Display.runDeferredEvents(Display.java:4180)
	at org.eclipse.swt.widgets.Display.readAndDispatch(Display.java:3769)
	at org.eclipse.e4.ui.internal.workbench.swt.PartRenderingEngine$4.run(PartRenderingEngine.java:1127)
	at org.eclipse.core.databinding.observable.Realm.runWithDefault(Realm.java:337)
	at org.eclipse.e4.ui.internal.workbench.swt.PartRenderingEngine.run(PartRenderingEngine.java:1018)
	at org.eclipse.e4.ui.internal.workbench.E4Workbench.createAndRunUI(E4Workbench.java:156)
	at org.eclipse.ui.internal.Workbench$5.run(Workbench.java:694)
	at org.eclipse.core.databinding.observable.Realm.runWithDefault(Realm.java:337)
	at org.eclipse.ui.internal.Workbench.createAndRunWorkbench(Workbench.java:606)
	at org.eclipse.ui.PlatformUI.createAndRunWorkbench(PlatformUI.java:150)
	at org.eclipse.ui.internal.ide.application.IDEApplication.start(IDEApplication.java:139)
	at org.eclipse.equinox.internal.app.EclipseAppHandle.run(EclipseAppHandle.java:196)
	at org.eclipse.core.runtime.internal.adaptor.EclipseAppLauncher.runApplication(EclipseAppLauncher.java:134)
	at org.eclipse.core.runtime.internal.adaptor.EclipseAppLauncher.start(EclipseAppLauncher.java:104)
	at org.eclipse.core.runtime.adaptor.EclipseStarter.run(EclipseStarter.java:380)
	at org.eclipse.core.runtime.adaptor.EclipseStarter.run(EclipseStarter.java:235)
	at sun.reflect.NativeMethodAccessorImpl.invoke0(Native Method)
	at sun.reflect.NativeMethodAccessorImpl.invoke(Unknown Source)
	at sun.reflect.DelegatingMethodAccessorImpl.invoke(Unknown Source)
	at java.lang.reflect.Method.invoke(Unknown Source)
	at org.eclipse.equinox.launcher.Main.invokeFramework(Main.java:669)
	at org.eclipse.equinox.launcher.Main.basicRun(Main.java:608)
	at org.eclipse.equinox.launcher.Main.run(Main.java:1515)

!ENTRY org.eclipse.e4.ui.workbench 4 0 2016-06-28 14:27:10.456
!MESSAGE Error setting focus to : org.eclipse.e4.ui.model.application.ui.basic.impl.PartImpl espDevice.java
!STACK 0
org.eclipse.swt.SWTException: Widget is disposed
	at org.eclipse.swt.SWT.error(SWT.java:4491)
	at org.eclipse.swt.SWT.error(SWT.java:4406)
	at org.eclipse.swt.SWT.error(SWT.java:4377)
	at org.eclipse.swt.widgets.Widget.error(Widget.java:482)
	at org.eclipse.swt.widgets.Widget.checkWidget(Widget.java:354)
	at org.eclipse.swt.widgets.Control.setFocus(Control.java:3354)
	at org.eclipse.swt.widgets.Composite.setFocus(Composite.java:1056)
	at org.eclipse.swt.widgets.Composite.setFocus(Composite.java:1056)
	at org.eclipse.ui.texteditor.StatusTextEditor.setFocus(StatusTextEditor.java:120)
	at org.eclipse.jdt.internal.ui.javaeditor.JavaEditor.setFocus(JavaEditor.java:2395)
	at org.eclipse.ui.internal.e4.compatibility.CompatibilityPart.delegateSetFocus(CompatibilityPart.java:204)
	at sun.reflect.NativeMethodAccessorImpl.invoke0(Native Method)
	at sun.reflect.NativeMethodAccessorImpl.invoke(Unknown Source)
	at sun.reflect.DelegatingMethodAccessorImpl.invoke(Unknown Source)
	at java.lang.reflect.Method.invoke(Unknown Source)
	at org.eclipse.e4.core.internal.di.MethodRequestor.execute(MethodRequestor.java:56)
	at org.eclipse.e4.core.internal.di.InjectorImpl.invokeUsingClass(InjectorImpl.java:252)
	at org.eclipse.e4.core.internal.di.InjectorImpl.invokeUsingClass(InjectorImpl.java:258)
	at org.eclipse.e4.core.internal.di.InjectorImpl.invoke(InjectorImpl.java:229)
	at org.eclipse.e4.core.contexts.ContextInjectionFactory.invoke(ContextInjectionFactory.java:107)
	at org.eclipse.e4.ui.internal.workbench.swt.PartRenderingEngine.focusGui(PartRenderingEngine.java:775)
	at org.eclipse.e4.ui.workbench.renderers.swt.ContributedPartRenderer$2.setFocus(ContributedPartRenderer.java:102)
	at org.eclipse.swt.custom.CTabItem.setFocus(CTabItem.java:332)
	at org.eclipse.swt.custom.CTabFolder.setFocus(CTabFolder.java:2602)
	at org.eclipse.swt.widgets.Control.fixFocus(Control.java:1053)
	at org.eclipse.swt.widgets.Control.setVisible(Control.java:3859)
	at org.eclipse.swt.custom.CTabFolder.setSelection(CTabFolder.java:3146)
	at org.eclipse.swt.custom.CTabFolder.setSelection(CTabFolder.java:3154)
	at org.eclipse.swt.custom.CTabFolder.onMouse(CTabFolder.java:1841)
	at org.eclipse.swt.custom.CTabFolder$1.handleEvent(CTabFolder.java:330)
	at org.eclipse.swt.widgets.EventTable.sendEvent(EventTable.java:84)
	at org.eclipse.swt.widgets.Display.sendEvent(Display.java:4362)
	at org.eclipse.swt.widgets.Widget.sendEvent(Widget.java:1113)
	at org.eclipse.swt.widgets.Display.runDeferredEvents(Display.java:4180)
	at org.eclipse.swt.widgets.Display.readAndDispatch(Display.java:3769)
	at org.eclipse.e4.ui.internal.workbench.swt.PartRenderingEngine$4.run(PartRenderingEngine.java:1127)
	at org.eclipse.core.databinding.observable.Realm.runWithDefault(Realm.java:337)
	at org.eclipse.e4.ui.internal.workbench.swt.PartRenderingEngine.run(PartRenderingEngine.java:1018)
	at org.eclipse.e4.ui.internal.workbench.E4Workbench.createAndRunUI(E4Workbench.java:156)
	at org.eclipse.ui.internal.Workbench$5.run(Workbench.java:694)
	at org.eclipse.core.databinding.observable.Realm.runWithDefault(Realm.java:337)
	at org.eclipse.ui.internal.Workbench.createAndRunWorkbench(Workbench.java:606)
	at org.eclipse.ui.PlatformUI.createAndRunWorkbench(PlatformUI.java:150)
	at org.eclipse.ui.internal.ide.application.IDEApplication.start(IDEApplication.java:139)
	at org.eclipse.equinox.internal.app.EclipseAppHandle.run(EclipseAppHandle.java:196)
	at org.eclipse.core.runtime.internal.adaptor.EclipseAppLauncher.runApplication(EclipseAppLauncher.java:134)
	at org.eclipse.core.runtime.internal.adaptor.EclipseAppLauncher.start(EclipseAppLauncher.java:104)
	at org.eclipse.core.runtime.adaptor.EclipseStarter.run(EclipseStarter.java:380)
	at org.eclipse.core.runtime.adaptor.EclipseStarter.run(EclipseStarter.java:235)
	at sun.reflect.NativeMethodAccessorImpl.invoke0(Native Method)
	at sun.reflect.NativeMethodAccessorImpl.invoke(Unknown Source)
	at sun.reflect.DelegatingMethodAccessorImpl.invoke(Unknown Source)
	at java.lang.reflect.Method.invoke(Unknown Source)
	at org.eclipse.equinox.launcher.Main.invokeFramework(Main.java:669)
	at org.eclipse.equinox.launcher.Main.basicRun(Main.java:608)
	at org.eclipse.equinox.launcher.Main.run(Main.java:1515)

!ENTRY org.eclipse.e4.ui.workbench 4 0 2016-06-28 14:29:10.096
!MESSAGE Error setting focus to : org.eclipse.e4.ui.model.application.ui.basic.impl.PartImpl definitions.java
!STACK 0
org.eclipse.swt.SWTException: Widget is disposed
	at org.eclipse.swt.SWT.error(SWT.java:4491)
	at org.eclipse.swt.SWT.error(SWT.java:4406)
	at org.eclipse.swt.SWT.error(SWT.java:4377)
	at org.eclipse.swt.widgets.Widget.error(Widget.java:482)
	at org.eclipse.swt.widgets.Widget.checkWidget(Widget.java:354)
	at org.eclipse.swt.widgets.Control.setFocus(Control.java:3354)
	at org.eclipse.swt.widgets.Composite.setFocus(Composite.java:1056)
	at org.eclipse.swt.widgets.Composite.setFocus(Composite.java:1056)
	at org.eclipse.ui.texteditor.StatusTextEditor.setFocus(StatusTextEditor.java:120)
	at org.eclipse.jdt.internal.ui.javaeditor.JavaEditor.setFocus(JavaEditor.java:2395)
	at org.eclipse.ui.internal.e4.compatibility.CompatibilityPart.delegateSetFocus(CompatibilityPart.java:204)
	at sun.reflect.GeneratedMethodAccessor45.invoke(Unknown Source)
	at sun.reflect.DelegatingMethodAccessorImpl.invoke(Unknown Source)
	at java.lang.reflect.Method.invoke(Unknown Source)
	at org.eclipse.e4.core.internal.di.MethodRequestor.execute(MethodRequestor.java:56)
	at org.eclipse.e4.core.internal.di.InjectorImpl.invokeUsingClass(InjectorImpl.java:252)
	at org.eclipse.e4.core.internal.di.InjectorImpl.invokeUsingClass(InjectorImpl.java:258)
	at org.eclipse.e4.core.internal.di.InjectorImpl.invoke(InjectorImpl.java:229)
	at org.eclipse.e4.core.contexts.ContextInjectionFactory.invoke(ContextInjectionFactory.java:107)
	at org.eclipse.e4.ui.internal.workbench.swt.PartRenderingEngine.focusGui(PartRenderingEngine.java:775)
	at org.eclipse.e4.ui.workbench.renderers.swt.ContributedPartRenderer$2.setFocus(ContributedPartRenderer.java:102)
	at org.eclipse.swt.custom.CTabItem.setFocus(CTabItem.java:332)
	at org.eclipse.swt.custom.CTabFolder.setFocus(CTabFolder.java:2602)
	at org.eclipse.swt.widgets.Control.fixFocus(Control.java:1053)
	at org.eclipse.swt.widgets.Control.setVisible(Control.java:3859)
	at org.eclipse.swt.custom.CTabFolder.setItemSize(CTabFolder.java:2772)
	at org.eclipse.swt.custom.CTabFolder.updateItems(CTabFolder.java:3755)
	at org.eclipse.swt.custom.CTabFolder.updateItems(CTabFolder.java:3688)
	at org.eclipse.swt.custom.CTabFolder.onResize(CTabFolder.java:2081)
	at org.eclipse.swt.custom.CTabFolder$1.handleEvent(CTabFolder.java:337)
	at org.eclipse.swt.widgets.EventTable.sendEvent(EventTable.java:84)
	at org.eclipse.swt.widgets.Display.sendEvent(Display.java:4362)
	at org.eclipse.swt.widgets.Widget.sendEvent(Widget.java:1113)
	at org.eclipse.swt.widgets.Widget.sendEvent(Widget.java:1137)
	at org.eclipse.swt.widgets.Widget.sendEvent(Widget.java:1118)
	at org.eclipse.swt.widgets.Control.WM_SIZE(Control.java:5344)
	at org.eclipse.swt.widgets.Scrollable.WM_SIZE(Scrollable.java:343)
	at org.eclipse.swt.widgets.Composite.WM_SIZE(Composite.java:1711)
	at org.eclipse.swt.widgets.Control.windowProc(Control.java:4751)
	at org.eclipse.swt.widgets.Display.windowProc(Display.java:5050)
	at org.eclipse.swt.internal.win32.OS.DefWindowProcW(Native Method)
	at org.eclipse.swt.internal.win32.OS.DefWindowProc(OS.java:2544)
	at org.eclipse.swt.widgets.Scrollable.callWindowProc(Scrollable.java:86)
	at org.eclipse.swt.widgets.Control.WM_WINDOWPOSCHANGED(Control.java:5578)
	at org.eclipse.swt.widgets.Control.windowProc(Control.java:4764)
	at org.eclipse.swt.widgets.Display.windowProc(Display.java:5050)
	at org.eclipse.swt.internal.win32.OS.SetWindowPos(Native Method)
	at org.eclipse.swt.widgets.Widget.SetWindowPos(Widget.java:1517)
	at org.eclipse.swt.widgets.Control.setBounds(Control.java:3177)
	at org.eclipse.swt.widgets.Composite.setBounds(Composite.java:1037)
	at org.eclipse.swt.widgets.Control.setBounds(Control.java:3138)
	at org.eclipse.swt.widgets.Control.setSize(Control.java:3675)
	at org.eclipse.swt.widgets.Control.setSize(Control.java:3699)
	at org.eclipse.swt.widgets.Control.pack(Control.java:2139)
	at org.eclipse.swt.widgets.Control.pack(Control.java:2113)
	at org.eclipse.e4.ui.workbench.renderers.swt.StackRenderer.adjustTopRight(StackRenderer.java:835)
	at org.eclipse.e4.ui.workbench.renderers.swt.StackRenderer.showTab(StackRenderer.java:1322)
	at org.eclipse.e4.ui.workbench.renderers.swt.LazyStackRenderer$1.handleEvent(LazyStackRenderer.java:72)
	at org.eclipse.e4.ui.services.internal.events.UIEventHandler$1.run(UIEventHandler.java:40)
	at org.eclipse.swt.widgets.Synchronizer.syncExec(Synchronizer.java:186)
	at org.eclipse.ui.internal.UISynchronizer.syncExec(UISynchronizer.java:145)
	at org.eclipse.swt.widgets.Display.syncExec(Display.java:4761)
	at org.eclipse.e4.ui.internal.workbench.swt.E4Application$1.syncExec(E4Application.java:211)
	at org.eclipse.e4.ui.services.internal.events.UIEventHandler.handleEvent(UIEventHandler.java:36)
	at org.eclipse.equinox.internal.event.EventHandlerWrapper.handleEvent(EventHandlerWrapper.java:197)
	at org.eclipse.equinox.internal.event.EventHandlerTracker.dispatchEvent(EventHandlerTracker.java:197)
	at org.eclipse.equinox.internal.event.EventHandlerTracker.dispatchEvent(EventHandlerTracker.java:1)
	at org.eclipse.osgi.framework.eventmgr.EventManager.dispatchEvent(EventManager.java:230)
	at org.eclipse.osgi.framework.eventmgr.ListenerQueue.dispatchEventSynchronous(ListenerQueue.java:148)
	at org.eclipse.equinox.internal.event.EventAdminImpl.dispatchEvent(EventAdminImpl.java:135)
	at org.eclipse.equinox.internal.event.EventAdminImpl.sendEvent(EventAdminImpl.java:78)
	at org.eclipse.equinox.internal.event.EventComponent.sendEvent(EventComponent.java:39)
	at org.eclipse.e4.ui.services.internal.events.EventBroker.send(EventBroker.java:85)
	at org.eclipse.e4.ui.internal.workbench.UIEventPublisher.notifyChanged(UIEventPublisher.java:59)
	at org.eclipse.emf.common.notify.impl.BasicNotifierImpl.eNotify(BasicNotifierImpl.java:374)
	at org.eclipse.e4.ui.model.application.ui.impl.ElementContainerImpl.setSelectedElement(ElementContainerImpl.java:171)
	at org.eclipse.e4.ui.workbench.renderers.swt.StackRenderer$9.widgetSelected(StackRenderer.java:1084)
	at org.eclipse.swt.widgets.TypedListener.handleEvent(TypedListener.java:248)
	at org.eclipse.swt.widgets.EventTable.sendEvent(EventTable.java:84)
	at org.eclipse.swt.widgets.Display.sendEvent(Display.java:4362)
	at org.eclipse.swt.widgets.Widget.sendEvent(Widget.java:1113)
	at org.eclipse.swt.widgets.Widget.sendEvent(Widget.java:1137)
	at org.eclipse.swt.widgets.Widget.sendEvent(Widget.java:1122)
	at org.eclipse.swt.widgets.Widget.notifyListeners(Widget.java:788)
	at org.eclipse.swt.custom.CTabFolder.setSelection(CTabFolder.java:3158)
	at org.eclipse.swt.custom.CTabFolder.onMouse(CTabFolder.java:1841)
	at org.eclipse.swt.custom.CTabFolder$1.handleEvent(CTabFolder.java:330)
	at org.eclipse.swt.widgets.EventTable.sendEvent(EventTable.java:84)
	at org.eclipse.swt.widgets.Display.sendEvent(Display.java:4362)
	at org.eclipse.swt.widgets.Widget.sendEvent(Widget.java:1113)
	at org.eclipse.swt.widgets.Display.runDeferredEvents(Display.java:4180)
	at org.eclipse.swt.widgets.Display.readAndDispatch(Display.java:3769)
	at org.eclipse.e4.ui.internal.workbench.swt.PartRenderingEngine$4.run(PartRenderingEngine.java:1127)
	at org.eclipse.core.databinding.observable.Realm.runWithDefault(Realm.java:337)
	at org.eclipse.e4.ui.internal.workbench.swt.PartRenderingEngine.run(PartRenderingEngine.java:1018)
	at org.eclipse.e4.ui.internal.workbench.E4Workbench.createAndRunUI(E4Workbench.java:156)
	at org.eclipse.ui.internal.Workbench$5.run(Workbench.java:694)
	at org.eclipse.core.databinding.observable.Realm.runWithDefault(Realm.java:337)
	at org.eclipse.ui.internal.Workbench.createAndRunWorkbench(Workbench.java:606)
	at org.eclipse.ui.PlatformUI.createAndRunWorkbench(PlatformUI.java:150)
	at org.eclipse.ui.internal.ide.application.IDEApplication.start(IDEApplication.java:139)
	at org.eclipse.equinox.internal.app.EclipseAppHandle.run(EclipseAppHandle.java:196)
	at org.eclipse.core.runtime.internal.adaptor.EclipseAppLauncher.runApplication(EclipseAppLauncher.java:134)
	at org.eclipse.core.runtime.internal.adaptor.EclipseAppLauncher.start(EclipseAppLauncher.java:104)
	at org.eclipse.core.runtime.adaptor.EclipseStarter.run(EclipseStarter.java:380)
	at org.eclipse.core.runtime.adaptor.EclipseStarter.run(EclipseStarter.java:235)
	at sun.reflect.NativeMethodAccessorImpl.invoke0(Native Method)
	at sun.reflect.NativeMethodAccessorImpl.invoke(Unknown Source)
	at sun.reflect.DelegatingMethodAccessorImpl.invoke(Unknown Source)
	at java.lang.reflect.Method.invoke(Unknown Source)
	at org.eclipse.equinox.launcher.Main.invokeFramework(Main.java:669)
	at org.eclipse.equinox.launcher.Main.basicRun(Main.java:608)
	at org.eclipse.equinox.launcher.Main.run(Main.java:1515)

!ENTRY org.eclipse.e4.ui.workbench 4 0 2016-06-28 14:29:11.814
!MESSAGE Error setting focus to : org.eclipse.e4.ui.model.application.ui.basic.impl.PartImpl definitions.java
!STACK 0
org.eclipse.swt.SWTException: Widget is disposed
	at org.eclipse.swt.SWT.error(SWT.java:4491)
	at org.eclipse.swt.SWT.error(SWT.java:4406)
	at org.eclipse.swt.SWT.error(SWT.java:4377)
	at org.eclipse.swt.widgets.Widget.error(Widget.java:482)
	at org.eclipse.swt.widgets.Widget.checkWidget(Widget.java:354)
	at org.eclipse.swt.widgets.Control.setFocus(Control.java:3354)
	at org.eclipse.swt.widgets.Composite.setFocus(Composite.java:1056)
	at org.eclipse.swt.widgets.Composite.setFocus(Composite.java:1056)
	at org.eclipse.ui.texteditor.StatusTextEditor.setFocus(StatusTextEditor.java:120)
	at org.eclipse.jdt.internal.ui.javaeditor.JavaEditor.setFocus(JavaEditor.java:2395)
	at org.eclipse.ui.internal.e4.compatibility.CompatibilityPart.delegateSetFocus(CompatibilityPart.java:204)
	at sun.reflect.GeneratedMethodAccessor45.invoke(Unknown Source)
	at sun.reflect.DelegatingMethodAccessorImpl.invoke(Unknown Source)
	at java.lang.reflect.Method.invoke(Unknown Source)
	at org.eclipse.e4.core.internal.di.MethodRequestor.execute(MethodRequestor.java:56)
	at org.eclipse.e4.core.internal.di.InjectorImpl.invokeUsingClass(InjectorImpl.java:252)
	at org.eclipse.e4.core.internal.di.InjectorImpl.invokeUsingClass(InjectorImpl.java:258)
	at org.eclipse.e4.core.internal.di.InjectorImpl.invoke(InjectorImpl.java:229)
	at org.eclipse.e4.core.contexts.ContextInjectionFactory.invoke(ContextInjectionFactory.java:107)
	at org.eclipse.e4.ui.internal.workbench.swt.PartRenderingEngine.focusGui(PartRenderingEngine.java:775)
	at org.eclipse.e4.ui.workbench.renderers.swt.ContributedPartRenderer$2.setFocus(ContributedPartRenderer.java:102)
	at org.eclipse.swt.custom.CTabItem.setFocus(CTabItem.java:332)
	at org.eclipse.swt.custom.CTabFolder.setFocus(CTabFolder.java:2602)
	at org.eclipse.swt.widgets.Control.fixFocus(Control.java:1053)
	at org.eclipse.swt.widgets.Control.setVisible(Control.java:3859)
	at org.eclipse.swt.custom.CTabFolder.setSelection(CTabFolder.java:3146)
	at org.eclipse.swt.custom.CTabFolder.setSelection(CTabFolder.java:3154)
	at org.eclipse.swt.custom.CTabFolder.onMouse(CTabFolder.java:1841)
	at org.eclipse.swt.custom.CTabFolder$1.handleEvent(CTabFolder.java:330)
	at org.eclipse.swt.widgets.EventTable.sendEvent(EventTable.java:84)
	at org.eclipse.swt.widgets.Display.sendEvent(Display.java:4362)
	at org.eclipse.swt.widgets.Widget.sendEvent(Widget.java:1113)
	at org.eclipse.swt.widgets.Display.runDeferredEvents(Display.java:4180)
	at org.eclipse.swt.widgets.Display.readAndDispatch(Display.java:3769)
	at org.eclipse.e4.ui.internal.workbench.swt.PartRenderingEngine$4.run(PartRenderingEngine.java:1127)
	at org.eclipse.core.databinding.observable.Realm.runWithDefault(Realm.java:337)
	at org.eclipse.e4.ui.internal.workbench.swt.PartRenderingEngine.run(PartRenderingEngine.java:1018)
	at org.eclipse.e4.ui.internal.workbench.E4Workbench.createAndRunUI(E4Workbench.java:156)
	at org.eclipse.ui.internal.Workbench$5.run(Workbench.java:694)
	at org.eclipse.core.databinding.observable.Realm.runWithDefault(Realm.java:337)
	at org.eclipse.ui.internal.Workbench.createAndRunWorkbench(Workbench.java:606)
	at org.eclipse.ui.PlatformUI.createAndRunWorkbench(PlatformUI.java:150)
	at org.eclipse.ui.internal.ide.application.IDEApplication.start(IDEApplication.java:139)
	at org.eclipse.equinox.internal.app.EclipseAppHandle.run(EclipseAppHandle.java:196)
	at org.eclipse.core.runtime.internal.adaptor.EclipseAppLauncher.runApplication(EclipseAppLauncher.java:134)
	at org.eclipse.core.runtime.internal.adaptor.EclipseAppLauncher.start(EclipseAppLauncher.java:104)
	at org.eclipse.core.runtime.adaptor.EclipseStarter.run(EclipseStarter.java:380)
	at org.eclipse.core.runtime.adaptor.EclipseStarter.run(EclipseStarter.java:235)
	at sun.reflect.NativeMethodAccessorImpl.invoke0(Native Method)
	at sun.reflect.NativeMethodAccessorImpl.invoke(Unknown Source)
	at sun.reflect.DelegatingMethodAccessorImpl.invoke(Unknown Source)
	at java.lang.reflect.Method.invoke(Unknown Source)
	at org.eclipse.equinox.launcher.Main.invokeFramework(Main.java:669)
	at org.eclipse.equinox.launcher.Main.basicRun(Main.java:608)
	at org.eclipse.equinox.launcher.Main.run(Main.java:1515)
